Log file open, 04/26/16 19:02:01
LogInit:Display: Running engine for game: Vulkan
LogPlatformFile: Not using cached read wrapper
LogInit:Display: RandInit(1559195110) SRandInit(1559195112).
LogTaskGraph: Started task graph with 4 named threads and 7 total threads.
LogStats: Stats thread started at 0.058521
LogInit: Version: 4.11.2-2946394+++UE4+Release-4.11
LogInit: API Version: 2927265
LogInit: Compiled (64-bit): Apr 18 2016 02:18:46
LogInit: Compiled with Visual C++: 19.00.23026.00
LogInit: Build Configuration: Development
LogInit: Branch Name: ++UE4+Release-4.11
LogInit: Command line: -EpicPortal 
LogInit: Base directory: C:/Program Files (x86)/Epic Games/4.11/Engine/Binaries/Win64/
LogInit: Installed Engine Build: 1
LogInit: Using libcurl 7.41.0
LogInit:  - built for x86_64-pc-win32
LogInit:  - supports SSL with WinSSL
LogInit:  - other features:
LogInit:      CURL_VERSION_SSL
LogInit:      CURL_VERSION_IPV6
LogInit:      CURL_VERSION_ASYNCHDNS
LogInit:      CURL_VERSION_LARGEFILE
LogInit:      CURL_VERSION_IDN
LogInit:  CurlRequestOptions (configurable via config and command line):
LogInit:  - bVerifyPeer = true  - Libcurl will verify peer certificate
LogInit:  - bUseHttpProxy = false  - Libcurl will NOT use HTTP proxy
LogInit:  - bDontReuseConnections = false  - Libcurl will reuse connections
LogInit:  - CertBundlePath = nullptr  - Libcurl will use whatever was configured at build time.
LogInit: Presizing for max 16777216 objects, including 0 objects not considered by GC, pre-allocating 0 bytes for permanent pool.
LogInit: Object subsystem initialized
[2016.04.26-17.02.01:694][  0]LogInit: Selected Device Profile: [Windows]
[2016.04.26-17.02.01:694][  0]LogInit: Applying CVar settings loaded from the selected device profile: [Windows]
[2016.04.26-17.02.01:699][  0]LogInit: Computer: NIKI-PC
[2016.04.26-17.02.01:699][  0]LogInit: User: Niki
[2016.04.26-17.02.01:699][  0]LogInit: CPU Page size=65536, Cores=4
[2016.04.26-17.02.01:699][  0]LogInit: High frequency timer resolution =3.904033 MHz
[2016.04.26-17.02.01:700][  0]LogMemory: Memory total: Physical=15.9GB (16GB approx)
[2016.04.26-17.02.01:700][  0]LogMemory: Platform Memory Stats for Windows
[2016.04.26-17.02.01:700][  0]LogMemory: Process Physical Memory: 314.96 MB used, 314.96 MB peak
[2016.04.26-17.02.01:700][  0]LogMemory: Process Virtual Memory: 317.41 MB used, 317.41 MB peak
[2016.04.26-17.02.01:700][  0]LogMemory: Physical Memory: 5271.89 MB used, 16326.91 MB total
[2016.04.26-17.02.01:700][  0]LogMemory: Virtual Memory: 623.32 MB used, 8388608.00 MB total
[2016.04.26-17.02.01:733][  0]LogTextLocalizationManager: No translations for ('de-DE') exist, falling back to 'en' for localization and internationalization data.
[2016.04.26-17.02.02:025][  0]LogD3D11RHI: D3D11 adapters:
[2016.04.26-17.02.02:043][  0]LogD3D11RHI:    0. 'NVIDIA GeForce GTX 970' (Feature Level 11_0)
[2016.04.26-17.02.02:043][  0]LogD3D11RHI:       4007MB of dedicated video memory, 0MB of dedicated system memory, and 7907MB of shared system memory, 2 output[s]
[2016.04.26-17.02.02:043][  0]LogD3D11RHI: Chosen D3D11 Adapter: 0
[2016.04.26-17.02.02:046][  0]LogD3D11RHI: Creating new Direct3DDevice
[2016.04.26-17.02.02:046][  0]LogD3D11RHI:     Adapter Name: NVIDIA GeForce GTX 970
[2016.04.26-17.02.02:046][  0]LogD3D11RHI:   Driver Version: 10.18.13.6472 (internal 10.18.13.6472)
[2016.04.26-17.02.02:046][  0]LogD3D11RHI:      Driver Date: 3-21-2016
[2016.04.26-17.02.02:046][  0]LogRHI: Texture pool is 1361 MB (70% of 1945 MB)
[2016.04.26-17.02.02:054][  0]LogD3D11RHI: Async texture creation enabled
[2016.04.26-17.02.02:067][  0]LogShaderCompilers: Guid format shader working directory is -16 characters bigger than the processId version (../../../../../../Users/Niki/Documents/Unreal Projects/Vulkan/Intermediate/Shaders/WorkingDirectory/5500/).
[2016.04.26-17.02.02:067][  0]LogShaderCompilers: Cleaned the shader compiler working directory 'C:/Users/Niki/AppData/Local/Temp/UnrealShaderWorkingDir/F60C8C5E4F433B14F63817B275687F86/'.
[2016.04.26-17.02.02:067][  0]LogShaderCompilers:Display: Using Local Shader Compiler.
[2016.04.26-17.02.02:715][  0]LogTemp:Display: Loaded TP AllDesktopTargetPlatform
[2016.04.26-17.02.02:718][  0]LogTemp:Display: Loaded TP WindowsClientTargetPlatform
[2016.04.26-17.02.02:721][  0]LogTemp:Display: Loaded TP WindowsNoEditorTargetPlatform
[2016.04.26-17.02.02:725][  0]LogTemp:Display: Loaded TP WindowsServerTargetPlatform
[2016.04.26-17.02.02:728][  0]LogTemp:Display: Loaded TP WindowsTargetPlatform
[2016.04.26-17.02.02:730][  0]LogTemp:Display: Loaded TP AndroidTargetPlatform
[2016.04.26-17.02.02:732][  0]LogTemp:Display: Loaded TP Android_ASTCTargetPlatform
[2016.04.26-17.02.02:735][  0]LogTemp:Display: Loaded TP Android_ATCTargetPlatform
[2016.04.26-17.02.02:737][  0]LogTemp:Display: Loaded TP Android_DXTTargetPlatform
[2016.04.26-17.02.02:739][  0]LogTemp:Display: Loaded TP Android_ETC1TargetPlatform
[2016.04.26-17.02.02:742][  0]LogTemp:Display: Loaded TP Android_ETC2TargetPlatform
[2016.04.26-17.02.02:747][  0]LogTemp:Display: Loaded TP Android_MultiTargetPlatform
[2016.04.26-17.02.02:747][  0]LogTemp:Display: Loaded TP Android_PVRTCTargetPlatform
[2016.04.26-17.02.02:748][  0]LogTemp:Display: Loaded TP HTML5TargetPlatform
[2016.04.26-17.02.02:762][  0]LogTemp:Display: Loaded TP IOSTargetPlatform
[2016.04.26-17.02.02:764][  0]LogTemp:Display: Loaded TP TVOSTargetPlatform
[2016.04.26-17.02.02:767][  0]LogTemp:Display: Loaded TP LinuxNoEditorTargetPlatform
[2016.04.26-17.02.02:769][  0]LogTemp:Display: Loaded TP LinuxServerTargetPlatform
[2016.04.26-17.02.02:771][  0]LogTemp:Display: Loaded TP LinuxTargetPlatform
[2016.04.26-17.02.02:771][  0]LogTargetPlatformManager:Display: Building Assets For Windows
[2016.04.26-17.02.02:819][  0]LogDerivedDataCache:Display: Max Cache Size: 512 MB
[2016.04.26-17.02.02:851][  0]LogDerivedDataCache: Loaded boot cache 0.03s 46MB C:/Users/Niki/AppData/Local/UnrealEngine/4.11/DerivedDataCache/Boot.ddc.
[2016.04.26-17.02.02:851][  0]LogDerivedDataCache:Display: Loaded Boot cache: C:/Users/Niki/AppData/Local/UnrealEngine/4.11/DerivedDataCache/Boot.ddc
[2016.04.26-17.02.02:851][  0]LogDerivedDataCache: FDerivedDataBackendGraph:  Pak pak cache file ../../../../../../Users/Niki/Documents/Unreal Projects/Vulkan/DerivedDataCache/DDC.ddp not found, will not use a pak cache.
[2016.04.26-17.02.02:851][  0]LogDerivedDataCache: Unable to find inner node Pak for hierarchical cache Hierarchy.
[2016.04.26-17.02.02:851][  0]LogDerivedDataCache: FDerivedDataBackendGraph:  CompressedPak pak cache file ../../../../../../Users/Niki/Documents/Unreal Projects/Vulkan/DerivedDataCache/Compressed.ddp not found, will not use a pak cache.
[2016.04.26-17.02.02:851][  0]LogDerivedDataCache: Unable to find inner node CompressedPak for hierarchical cache Hierarchy.
[2016.04.26-17.02.02:861][  0]LogDerivedDataCache:Display: Pak cache opened for reading ../../../Engine/DerivedDataCache/Compressed.ddp.
[2016.04.26-17.02.02:872][  0]LogDerivedDataCache: Using Local data cache path C:/Users/Niki/AppData/Local/UnrealEngine/Common/DerivedDataCache: Writable
[2016.04.26-17.02.02:970][  0]LogInit: Selected Device Profile: [Windows]
[2016.04.26-17.02.02:971][  0]LogContentStreaming: Texture pool size is 0.00 MB
[2016.04.26-17.02.02:984][  0]LogMaterial: Uniform references updated for custom material expression Custom.
[2016.04.26-17.02.03:071][  0]LogMeshUtilities: No automatic mesh reduction module available
[2016.04.26-17.02.03:071][  0]LogMeshUtilities: No automatic mesh merging module available
[2016.04.26-17.02.03:071][  0]LogMeshUtilities: No distributed automatic mesh merging module available
[2016.04.26-17.02.03:221][  0]LogUObjectArray: 27679 objects as part of root set at end of initial load.
[2016.04.26-17.02.03:221][  0]LogUObjectAllocator: 5591600 out of 0 bytes used by permanent object pool.
[2016.04.26-17.02.03:221][  0]LogUObjectArray: CloseDisregardForGC: 0/0 objects in disregard for GC pool
[2016.04.26-17.02.03:225][  0]LogInit: WinSock: version 1.1 (2.2), MaxSocks=32767, MaxUdp=65467
[2016.04.26-17.02.03:288][  0]LogSlate: SlateFontCache - WITH_FREETYPE: 1, WITH_HARFBUZZ: 1
[2016.04.26-17.02.03:288][  0]LogSlate: SlateFontCache - WITH_FREETYPE: 1, WITH_HARFBUZZ: 1
[2016.04.26-17.02.03:343][  0]LogStreaming:Warning: Failed to read file '../../../Engine/Content/Editor/Slate/Common/Selection_16x.png' error.
[2016.04.26-17.02.03:343][  0]LogSlate: Could not find file for Slate resource: ../../../Engine/Content/Editor/Slate/Common/Selection_16x.png
[2016.04.26-17.02.03:343][  0]LogStreaming:Warning: Failed to read file '../../../Engine/Content/Editor/Slate/Common/Selection_16x.png' error.
[2016.04.26-17.02.03:343][  0]LogSlate: Could not find file for Slate resource: ../../../Engine/Content/Editor/Slate/Common/Selection_16x.png
[2016.04.26-17.02.03:343][  0]LogStreaming:Warning: Failed to read file '../../../Engine/Content/Editor/Slate/Common/Selection_16x.png' error.
[2016.04.26-17.02.03:343][  0]LogSlate: Could not find file for Slate resource: ../../../Engine/Content/Editor/Slate/Common/Selection_16x.png
[2016.04.26-17.02.03:706][  0]LogUdpMessaging: Initializing bridge on interface 0.0.0.0:0 to multicast group 230.0.0.1:6666.
[2016.04.26-17.02.03:812][  0]LogAssetRegistry: FAssetRegistry took 0.0205 seconds to start up
[2016.04.26-17.02.03:901][  0]SourceControl: Info Source control is disabled
[2016.04.26-17.02.03:909][  0]SourceControl: Info Source control is disabled
[2016.04.26-17.02.03:914][  0]SourceControl: Info Source control is disabled
[2016.04.26-17.02.03:918][  0]SourceControl: Info Source control is disabled
[2016.04.26-17.02.03:983][  0]LogHMD: Failed to initialize OpenVR with code 110
[2016.04.26-17.02.04:033][  0]LogEngine: Initializing Engine...
[2016.04.26-17.02.04:130][  0]LogAIModule: Creating AISystem for world NewWorld
[2016.04.26-17.02.04:139][  0]LogInit: XAudio2 using 'Lautsprecher (3- Logitech USB Headset H340)' : 2 channels at 44.1 kHz using 16 bits per sample (channel mask 0x3)
[2016.04.26-17.02.04:145][  0]LogInit: FAudioDevice initialized.
[2016.04.26-17.02.04:164][  0]LogDerivedDataCache: Saved boot cache 0.02s 46MB C:/Users/Niki/AppData/Local/UnrealEngine/4.11/DerivedDataCache/Boot.ddc.
[2016.04.26-17.02.04:167][  0]LogInit: Texture streaming: Enabled
[2016.04.26-17.02.04:185][  0]LogInit: Transaction tracking system initialized
[2016.04.26-17.02.04:201][  0]BlueprintLog: New page: Editor Load
[2016.04.26-17.02.04:336][  0]LocalizationService: Info Localization service is disabled
[2016.04.26-17.02.04:672][  0]LogConsoleResponse:Display: 
[2016.04.26-17.02.04:743][  0]LogFileCache: Scanning file cache for directory 'C:/Users/Niki/Documents/Unreal Projects/Vulkan/Content/' took 0.01s
[2016.04.26-17.02.04:743][  0]LogCook:Display: Max memory allowance for cook 8192mb
[2016.04.26-17.02.04:743][  0]LogCook:Display: Mobile HDR setting 1
[2016.04.26-17.02.04:743][  0]LogCook:Display: Done creating registry. It took  0.00s.
[2016.04.26-17.02.04:780][  0]SourceControl: Info Source control is disabled
[2016.04.26-17.02.04:781][  0]Cmd: MAP LOAD FILE="../../../Engine/Content/Maps/Templates/Template_Default.umap" TEMPLATE=1 SHOWPROGRESS=1 FEATURELEVEL=3
[2016.04.26-17.02.04:781][  0]LightingResults: New page: Lighting Build
[2016.04.26-17.02.04:782][  0]MapCheck: New page: Map Check
[2016.04.26-17.02.04:782][  0]LightingResults: New page: Lighting Build
[2016.04.26-17.02.04:932][  0]LogAIModule: Creating AISystem for world Untitled_1
[2016.04.26-17.02.04:936][  0]LogEditorServer: Finished looking for orphan Actors (0.000 secs)
[2016.04.26-17.02.04:938][  0]Cmd: MAP CHECKDEP NOCLEARLOG
[2016.04.26-17.02.04:956][  0]MapCheck: Info Map check complete: 0 Error(s), 0 Warning(s), took 17.285ms to complete.
[2016.04.26-17.02.04:956][  0]LogFileHelpers: Loading map 'Template_Default' took 0.175
[2016.04.26-17.02.05:229][  0]LogCollectionManager: Loaded 0 collections in 0.001479 seconds
[2016.04.26-17.02.05:285][  0]LogFileCache: Scanning file cache for directory 'C:/Users/Niki/Documents/Unreal Projects/Vulkan/Saved/Collections/' took 0.01s
[2016.04.26-17.02.05:285][  0]LogFileCache: Scanning file cache for directory 'C:/Users/Niki/Documents/Unreal Projects/Vulkan/Content/Developers/Niki/Collections/' took 0.01s
[2016.04.26-17.02.05:285][  0]LogFileCache: Scanning file cache for directory 'C:/Users/Niki/Documents/Unreal Projects/Vulkan/Content/Collections/' took 0.01s
[2016.04.26-17.02.05:285][  0]LogCollectionManager: Rebuilt the GUID cache for 0 collections in 0.000003 seconds
[2016.04.26-17.02.05:294][  0]LogContentBrowser: Native class hierarchy populated in 0.0089 seconds. Added 1979 classes and 343 folders.
[2016.04.26-17.02.05:300][  0]LogStats: UGameplayTagsManager::ConstructGameplayTagTree: Construct from data asset -  0.000 s
[2016.04.26-17.02.05:300][  0]LogStats: UGameplayTagsManager::ConstructGameplayTagTree: GameplayTagTreeChangedEvent.Broadcast -  0.000 s
[2016.04.26-17.02.05:301][  0]LogContentBrowser: Native class hierarchy updated for 'GameplayTags' in 0.0004 seconds. Added 12 classes and 0 folders.
[2016.04.26-17.02.05:306][  0]LogContentBrowser: Native class hierarchy updated for 'WidgetCarousel' in 0.0003 seconds. Added 0 classes and 0 folders.
[2016.04.26-17.02.05:321][  0]LogContentBrowser: Native class hierarchy updated for 'SuperSearch' in 0.0004 seconds. Added 1 classes and 2 folders.
[2016.04.26-17.02.05:389][  0]LogContentBrowser: Native class hierarchy updated for 'AddContentDialog' in 0.0003 seconds. Added 0 classes and 0 folders.
[2016.04.26-17.02.05:409][  0]LogContentBrowser: Native class hierarchy updated for 'SceneOutliner' in 0.0003 seconds. Added 1 classes and 2 folders.
[2016.04.26-17.02.05:516][  0]LogCrashTracker: Crashtracker disabled due to settings.
[2016.04.26-17.02.05:526][  0]LogUObjectGlobals:Warning: Failed to find object 'Class None.'
[2016.04.26-17.02.05:553][  0]LogContentBrowser: Native class hierarchy updated for 'HierarchicalLODOutliner' in 0.0003 seconds. Added 1 classes and 2 folders.
[2016.04.26-17.02.05:553][  0]LogLoad: Full Startup: 4.29 seconds (BP compile: 0.02 seconds)
[2016.04.26-17.02.05:553][  0]LogExternalProfiler: Found external profiler: VSPerf
[2016.04.26-17.02.05:553][  0]LogExternalProfiler: Using external profiler: VSPerf
[2016.04.26-17.02.05:566][  0]LogOcInput: OculusInput pre-init called
[2016.04.26-17.02.05:579][  0]LogAssetRegistry: Asset discovery search completed in 1.7883 seconds
[2016.04.26-17.02.05:579][  0]LogCollectionManager: Rebuilt the object cache for 0 collections in 0.000001 seconds (found 0 objects)
[2016.04.26-17.02.05:579][  0]LogCollectionManager: Fixed up redirectors for 0 collections in 0.000054 seconds (updated 0 objects)
[2016.04.26-17.02.05:605][  0]LogContentStreaming: Texture pool size now 1000 MB
[2016.04.26-17.02.05:708][  0]LogRenderer: Reallocating scene render targets to support 1616x816 (Frame:2).
[2016.04.26-17.02.33:468][274]LogPlayLevel: PlayLevel: No blueprints needed recompiling
[2016.04.26-17.02.33:476][274]PIE: New page: PIE session: Untitled_1 (Apr 26, 2016, 8:02:33 PM)
[2016.04.26-17.02.33:476][274]LogPlayLevel: Creating play world package: /Temp/UEDPIE_0_Untitled_1
[2016.04.26-17.02.33:478][274]LogPlayLevel: PIE: StaticDuplicateObject took: (0.001112s)
[2016.04.26-17.02.33:478][274]LogAIModule: Creating AISystem for world Untitled_1
[2016.04.26-17.02.33:478][274]LogPlayLevel: PIE: World Init took: (0.000602s)
[2016.04.26-17.02.33:479][274]LogPlayLevel: PIE: Created PIE world by copying editor world from /Temp/Untitled_1.Untitled_1 to /Temp/UEDPIE_0_Untitled_1.Untitled_1 (0.002268s)
[2016.04.26-17.02.33:495][274]LogInit: XAudio2 using 'Lautsprecher (3- Logitech USB Headset H340)' : 2 channels at 44.1 kHz using 16 bits per sample (channel mask 0x3)
[2016.04.26-17.02.33:499][274]LogInit: FAudioDevice initialized.
[2016.04.26-17.02.33:535][274]LogWorld: Game class is 'GameMode'
[2016.04.26-17.02.33:537][274]LogWorld: Bringing World /Temp/UEDPIE_0_Untitled_1.Untitled_1 up for play (max tick rate 0) at 2016.04.26-19.02.33
[2016.04.26-17.02.33:537][274]LogWorld: Bringing up level for play took: 0.001123
[2016.04.26-17.02.33:542][274]LogContentBrowser: Native class hierarchy updated for 'MovieSceneCapture' in 0.0003 seconds. Added 9 classes and 0 folders.
[2016.04.26-17.02.33:545][274]PIE: Info Play in editor start time for /Temp/UEDPIE_0_Untitled_1 -0.223
[2016.04.26-17.02.40:691][118]LogDirectoryWatcher:Warning: Failed to begin reading directory changes for ../../../../../../Users/Niki/Documents/Unreal Projects/Vulkan/Plugins/. Error: Der Vorgang wurde erfolgreich beendet. (0x00000000)
[2016.04.26-17.17.40:070][250]LogEditorViewport: Clicking on Actor (LMB): StaticMeshActor (Floor)
[2016.04.26-17.19.58:985][866]LogEditorViewport: Clicking on Actor (LMB): BP_Sky_Sphere_C (Sky Sphere)
[2016.04.26-17.20.00:036][990]LogEditorViewport: Clicking on Actor (LMB): StaticMeshActor (Floor)
[2016.04.26-17.23.03:970][919]LogEditorViewport: Clicking on Component (context menu): StaticMeshComponent (StaticMeshComponent0)
[2016.04.26-17.23.04:618][991]LogEditorViewport: Clicking on Component (LMB): StaticMeshComponent (StaticMeshComponent0)
[2016.04.26-17.23.52:507][210]Cmd: OBJ SAVEPACKAGE PACKAGE="/Temp/Untitled_1" FILE="../../../../../../Users/Niki/Documents/Unreal Projects/Vulkan/Saved/Autosaves/Temp/Untitled_1_Auto1.umap" SILENT=true AUTOSAVING=true KEEPDIRTY=false
[2016.04.26-17.23.52:525][210]LogSavePackage: Save=17.34ms
[2016.04.26-17.23.52:526][210]LogSavePackage: Moving '../../../../../../Users/Niki/Documents/Unreal Projects/Vulkan/Saved/Untitled_1_Auto1A91D0E334420E49C5C1A15A15D462DBB.tmp' to '../../../../../../Users/Niki/Documents/Unreal Projects/Vulkan/Saved/Autosaves/Temp/Untitled_1_Auto1.umap'
[2016.04.26-17.23.52:526][210]LogSavePackage: Total save time: 18.35ms
[2016.04.26-17.23.52:526][210]LogSavePackage:Display: Finished SavePackage ../../../../../../Users/Niki/Documents/Unreal Projects/Vulkan/Saved/Autosaves/Temp/Untitled_1_Auto1.umap
[2016.04.26-17.23.52:527][210]LogFileHelpers: Editor autosave (incl. sublevels) for '/Temp/Untitled_1' took 0.030
[2016.04.26-17.23.52:528][210]LogFileHelpers: Editor autosave (incl. sublevels) for all levels took 0.030
[2016.04.26-17.28.06:801][138]Cmd: QUIT_EDITOR
[2016.04.26-17.28.06:881][138]LogExit: Preparing to exit.
[2016.04.26-17.28.07:916][138]LogExit: Editor shut down
[2016.04.26-17.28.07:916][138]LogExit: Transaction tracking system shut down
[2016.04.26-17.28.07:992][138]LogObj: Freed 0b from 0 cluster array pools.
[2016.04.26-17.28.07:992][138]LogExit: Object subsystem successfully closed.
[2016.04.26-17.28.08:005][138]LogD3D11RHI: Shutdown
[2016.04.26-17.28.08:005][138]LogD3D11RHI: CleanupD3DDevice
[2016.04.26-17.28.08:034][138]LogD3D11RHI: ~FD3D11DynamicRHI
[2016.04.26-17.28.08:082][138]LogDerivedDataCache: Shutdown
[2016.04.26-17.28.08:082][138]LogModuleManager: Shutting down and abandoning module MovieSceneCapture (205)
[2016.04.26-17.28.08:082][138]LogModuleManager: Shutting down and abandoning module HierarchicalLODOutliner (204)
[2016.04.26-17.28.08:082][138]LogModuleManager: Shutting down and abandoning module CrashTracker (203)
[2016.04.26-17.28.08:082][138]LogModuleManager: Shutting down and abandoning module SceneOutliner (202)
[2016.04.26-17.28.08:082][138]LogModuleManager: Shutting down and abandoning module SuperSearch (201)
[2016.04.26-17.28.08:082][138]LogModuleManager: Shutting down and abandoning module WidgetCarousel (200)
[2016.04.26-17.28.08:082][138]LogModuleManager: Shutting down and abandoning module AddContentDialog (199)
[2016.04.26-17.28.08:083][138]LogModuleManager: Shutting down and abandoning module GameplayTags (198)
[2016.04.26-17.28.08:083][138]LogModuleManager: Shutting down and abandoning module EditorWidgets (197)
[2016.04.26-17.28.08:083][138]LogModuleManager: Shutting down and abandoning module CollectionManager (196)
[2016.04.26-17.28.08:083][138]LogModuleManager: Shutting down and abandoning module StatsViewer (195)
[2016.04.26-17.28.08:083][138]LogModuleManager: Shutting down and abandoning module FoliageEdit (194)
[2016.04.26-17.28.08:083][138]LogModuleManager: Shutting down and abandoning module LandscapeEditor (193)
[2016.04.26-17.28.08:083][138]LogModuleManager: Shutting down and abandoning module ActorPickerMode (192)
[2016.04.26-17.28.08:083][138]LogModuleManager: Shutting down and abandoning module GeometryMode (191)
[2016.04.26-17.28.08:083][138]LogModuleManager: Shutting down and abandoning module TextureAlignMode (190)
[2016.04.26-17.28.08:083][138]LogModuleManager: Shutting down and abandoning module BspMode (189)
[2016.04.26-17.28.08:083][138]LogModuleManager: Shutting down and abandoning module PlacementMode (188)
[2016.04.26-17.28.08:083][138]LogModuleManager: Shutting down and abandoning module AutomationWorker (187)
[2016.04.26-17.28.08:083][138]LogModuleManager: Shutting down and abandoning module CharacterAI (186)
[2016.04.26-17.28.08:083][138]LogModuleManager: Shutting down and abandoning module SmartSnapping (185)
[2016.04.26-17.28.08:083][138]LogModuleManager: Shutting down and abandoning module ViewportSnapping (184)
[2016.04.26-17.28.08:083][138]LogModuleManager: Shutting down and abandoning module LogVisualizer (183)
[2016.04.26-17.28.08:083][138]LogModuleManager: Shutting down and abandoning module GameProjectGeneration (182)
[2016.04.26-17.28.08:083][138]LogModuleManager: Shutting down and abandoning module IntroTutorials (181)
[2016.04.26-17.28.08:083][138]LogModuleManager: Shutting down and abandoning module EditorLiveStreaming (180)
[2016.04.26-17.28.08:083][138]LogModuleManager: Shutting down and abandoning module IOSPlatformEditor (179)
[2016.04.26-17.28.08:083][138]LogModuleManager: Shutting down and abandoning module HTML5PlatformEditor (178)
[2016.04.26-17.28.08:083][138]LogModuleManager: Shutting down and abandoning module AndroidDeviceDetection (177)
[2016.04.26-17.28.08:206][138]LogModuleManager: Shutting down and abandoning module AndroidPlatformEditor (176)
[2016.04.26-17.28.08:206][138]LogModuleManager: Shutting down and abandoning module IOSRuntimeSettings (175)
[2016.04.26-17.28.08:206][138]LogModuleManager: Shutting down and abandoning module AndroidRuntimeSettings (174)
[2016.04.26-17.28.08:206][138]LogModuleManager: Shutting down and abandoning module MergeActors (173)
[2016.04.26-17.28.08:206][138]LogModuleManager: Shutting down and abandoning module SizeMap (172)
[2016.04.26-17.28.08:206][138]LogModuleManager: Shutting down and abandoning module TreeMap (171)
[2016.04.26-17.28.08:206][138]LogModuleManager: Shutting down and abandoning module ReferenceViewer (170)
[2016.04.26-17.28.08:206][138]LogModuleManager: Shutting down and abandoning module LocalizationService (169)
[2016.04.26-17.28.08:206][138]LogModuleManager: Shutting down and abandoning module LocalizationDashboard (168)
[2016.04.26-17.28.08:206][138]LogModuleManager: Shutting down and abandoning module HardwareTargeting (167)
[2016.04.26-17.28.08:206][138]LogModuleManager: Shutting down and abandoning module DeviceProfileEditor (166)
[2016.04.26-17.28.08:206][138]LogModuleManager: Shutting down and abandoning module UndoHistory (165)
[2016.04.26-17.28.08:206][138]LogModuleManager: Shutting down and abandoning module UserFeedback (164)
[2016.04.26-17.28.08:207][138]LogModuleManager: Shutting down and abandoning module XmlParser (163)
[2016.04.26-17.28.08:207][138]LogModuleManager: Shutting down and abandoning module Blutility (162)
[2016.04.26-17.28.08:207][138]LogModuleManager: Shutting down and abandoning module ProjectTargetPlatformEditor (161)
[2016.04.26-17.28.08:207][138]LogModuleManager: Shutting down and abandoning module ProjectSettingsViewer (160)
[2016.04.26-17.28.08:207][138]LogModuleManager: Shutting down and abandoning module InputBindingEditor (159)
[2016.04.26-17.28.08:207][138]LogModuleManager: Shutting down and abandoning module EditorSettingsViewer (158)
[2016.04.26-17.28.08:207][138]LogModuleManager: Shutting down and abandoning module SettingsEditor (157)
[2016.04.26-17.28.08:207][138]LogModuleManager: Shutting down and abandoning module ProjectLauncher (156)
[2016.04.26-17.28.08:207][138]LogModuleManager: Shutting down and abandoning module SessionFrontend (155)
[2016.04.26-17.28.08:207][138]LogModuleManager: Shutting down and abandoning module ProfilerClient (154)
[2016.04.26-17.28.08:207][138]LogModuleManager: Shutting down and abandoning module TargetDeviceServices (153)
[2016.04.26-17.28.08:207][138]LogModuleManager: Shutting down and abandoning module DeviceManager (152)
[2016.04.26-17.28.08:237][138]LogModuleManager: Shutting down and abandoning module AutomationController (151)
[2016.04.26-17.28.08:237][138]LogModuleManager: Shutting down and abandoning module AutomationWindow (150)
[2016.04.26-17.28.08:237][138]LogModuleManager: Shutting down and abandoning module Layers (149)
[2016.04.26-17.28.08:237][138]LogModuleManager: Shutting down and abandoning module ComponentVisualizers (148)
[2016.04.26-17.28.08:237][138]LogModuleManager: Shutting down and abandoning module DetailCustomizations (147)
[2016.04.26-17.28.08:237][138]LogModuleManager: Shutting down and abandoning module PackagesDialog (146)
[2016.04.26-17.28.08:237][138]LogModuleManager: Shutting down and abandoning module Persona (145)
[2016.04.26-17.28.08:237][138]LogModuleManager: Shutting down and abandoning module Kismet (144)
[2016.04.26-17.28.08:237][138]LogModuleManager: Shutting down and abandoning module GraphEditor (143)
[2016.04.26-17.28.08:237][138]LogModuleManager: Shutting down and abandoning module ClassViewer (142)
[2016.04.26-17.28.08:237][138]LogModuleManager: Shutting down and abandoning module Toolbox (141)
[2016.04.26-17.28.08:237][138]LogModuleManager: Shutting down and abandoning module ModuleUI (140)
[2016.04.26-17.28.08:237][138]LogModuleManager: Shutting down and abandoning module MovieSceneTools (139)
[2016.04.26-17.28.08:237][138]LogModuleManager: Shutting down and abandoning module OutputLog (138)
[2016.04.26-17.28.08:237][138]LogModuleManager: Shutting down and abandoning module GammaUI (137)
[2016.04.26-17.28.08:237][138]LogModuleManager: Shutting down and abandoning module Documentation (136)
[2016.04.26-17.28.08:238][138]LogModuleManager: Shutting down and abandoning module StreamingPauseRendering (135)
[2016.04.26-17.28.08:238][138]LogModuleManager: Shutting down and abandoning module AnalyticsET (134)
[2016.04.26-17.28.08:238][138]LogModuleManager: Shutting down and abandoning module Analytics (133)
[2016.04.26-17.28.08:238][138]LogModuleManager: Shutting down and abandoning module PortalServices (132)
[2016.04.26-17.28.08:238][138]LogModuleManager: Shutting down and abandoning module PortalRpc (131)
[2016.04.26-17.28.08:238][138]LogModuleManager: Shutting down and abandoning module MessagingRpc (130)
[2016.04.26-17.28.08:238][138]LogModuleManager: Shutting down and abandoning module AITestSuite (129)
[2016.04.26-17.28.08:238][138]LogModuleManager: Shutting down and abandoning module GameplayDebugger (128)
[2016.04.26-17.28.08:238][138]LogModuleManager: Shutting down and abandoning module AIModule (127)
[2016.04.26-17.28.08:238][138]LogModuleManager: Shutting down and abandoning module ProfilerService (126)
[2016.04.26-17.28.08:341][138]LogModuleManager: Shutting down and abandoning module TaskGraph (125)
[2016.04.26-17.28.08:341][138]LogModuleManager: Shutting down and abandoning module SlateRemote (124)
[2016.04.26-17.28.08:341][138]LogModuleManager: Shutting down and abandoning module SteamVRController (123)
[2016.04.26-17.28.08:341][138]LogModuleManager: Shutting down and abandoning module SteamVR (122)
[2016.04.26-17.28.08:341][138]LogModuleManager: Shutting down and abandoning module ProceduralMeshComponent (121)
[2016.04.26-17.28.08:341][138]LogModuleManager: Shutting down and abandoning module OculusLibrary (120)
[2016.04.26-17.28.08:341][138]LogModuleManager: Shutting down and abandoning module OculusInput (119)
[2016.04.26-17.28.08:341][138]LogModuleManager: Shutting down and abandoning module CustomMeshComponent (118)
[2016.04.26-17.28.08:341][138]LogModuleManager: Shutting down and abandoning module CableComponent (117)
[2016.04.26-17.28.08:341][138]LogModuleManager: Shutting down and abandoning module ArchVisCharacter (116)
[2016.04.26-17.28.08:341][138]LogModuleManager: Shutting down and abandoning module MediaPlayerEditor (115)
[2016.04.26-17.28.08:341][138]LogModuleManager: Shutting down and abandoning module HTML5Networking (114)
[2016.04.26-17.28.08:341][138]LogModuleManager: Shutting down and abandoning module SpeedTreeImporter (113)
[2016.04.26-17.28.08:342][138]LogModuleManager: Shutting down and abandoning module PluginBrowser (112)
[2016.04.26-17.28.08:342][138]LogModuleManager: Shutting down and abandoning module EpicSurvey (111)
[2016.04.26-17.28.08:342][138]LogModuleManager: Shutting down and abandoning module DesktopPlatform (110)
[2016.04.26-17.28.08:342][138]LogModuleManager: Shutting down and abandoning module VisualStudioSourceCodeAccess (109)
[2016.04.26-17.28.08:342][138]LogModuleManager: Shutting down and abandoning module UObjectPlugin (108)
[2016.04.26-17.28.08:342][138]LogModuleManager: Shutting down and abandoning module SubversionSourceControl (107)
[2016.04.26-17.28.08:342][138]LogModuleManager: Shutting down and abandoning module PerforceSourceControl (106)
[2016.04.26-17.28.08:342][138]LogModuleManager: Shutting down and abandoning module SourceControl (105)
[2016.04.26-17.28.08:342][138]LogModuleManager: Shutting down and abandoning module GitSourceControl (104)
[2016.04.26-17.28.08:342][138]LogModuleManager: Shutting down and abandoning module LightPropagationVolumeEditor (103)
[2016.04.26-17.28.08:342][138]LogModuleManager: Shutting down and abandoning module PaperTiledImporter (102)
[2016.04.26-17.28.08:342][138]LogModuleManager: Shutting down and abandoning module PaperSpriteSheetImporter (101)
[2016.04.26-17.28.08:342][138]LogModuleManager: Shutting down and abandoning module MeshPaint (100)
[2016.04.26-17.28.08:342][138]LogModuleManager: Shutting down and abandoning module HotReload (99)
[2016.04.26-17.28.08:343][138]LogModuleManager: Shutting down and abandoning module MainFrame (98)
[2016.04.26-17.28.08:343][138]LogModuleManager: Shutting down and abandoning module LevelEditor (97)
[2016.04.26-17.28.08:344][138]LogModuleManager: Shutting down and abandoning module DirectoryWatcher (96)
[2016.04.26-17.28.08:344][138]LogModuleManager: Shutting down and abandoning module AssetRegistry (95)
[2016.04.26-17.28.08:508][138]LogModuleManager: Shutting down and abandoning module ContentBrowser (94)
[2016.04.26-17.28.08:508][138]LogModuleManager: Shutting down and abandoning module Paper2DEditor (93)
[2016.04.26-17.28.08:509][138]LogModuleManager: Shutting down and abandoning module UdpMessaging (92)
[2016.04.26-17.28.08:609][138]LogModuleManager: Shutting down and abandoning module LightPropagationVolumeRuntime (91)
[2016.04.26-17.28.08:609][138]LogModuleManager: Shutting down and abandoning module Paper2D (90)
[2016.04.26-17.28.08:609][138]LogModuleManager: Shutting down and abandoning module WindowsMoviePlayer (89)
[2016.04.26-17.28.08:609][138]LogModuleManager: Shutting down and abandoning module Media (88)
[2016.04.26-17.28.08:609][138]LogModuleManager: Shutting down and abandoning module WmfMedia (87)
[2016.04.26-17.28.08:609][138]LogModuleManager: Shutting down and abandoning module MediaAssets (86)
[2016.04.26-17.28.08:609][138]LogModuleManager: Shutting down and abandoning module GameLiveStreaming (85)
[2016.04.26-17.28.08:609][138]LogModuleManager: Shutting down and abandoning module GameplayTagsEditor (84)
[2016.04.26-17.28.08:609][138]LogModuleManager: Shutting down and abandoning module OnlineBlueprintSupport (83)
[2016.04.26-17.28.08:609][138]LogModuleManager: Shutting down and abandoning module GameplayTasksEditor (82)
[2016.04.26-17.28.08:609][138]LogModuleManager: Shutting down and abandoning module PropertyEditor (81)
[2016.04.26-17.28.08:609][138]LogModuleManager: Shutting down and abandoning module BehaviorTreeEditor (80)
[2016.04.26-17.28.08:609][138]LogModuleManager: Shutting down and abandoning module FunctionalTesting (79)
[2016.04.26-17.28.08:609][138]LogModuleManager: Shutting down and abandoning module CollisionAnalyzer (78)
[2016.04.26-17.28.08:609][138]LogModuleManager: Shutting down and abandoning module WorkspaceMenuStructure (77)
[2016.04.26-17.28.08:609][138]LogModuleManager: Shutting down and abandoning module MessageLog (76)
[2016.04.26-17.28.08:609][138]LogModuleManager: Shutting down and abandoning module Sequencer (75)
[2016.04.26-17.28.08:609][138]LogModuleManager: Shutting down and abandoning module AssetTools (74)
[2016.04.26-17.28.08:609][138]LogModuleManager: Shutting down and abandoning module UMGEditor (73)
[2016.04.26-17.28.08:609][138]LogModuleManager: Shutting down and abandoning module UMG (72)
[2016.04.26-17.28.08:609][138]LogModuleManager: Shutting down and abandoning module SlateReflector (71)
[2016.04.26-17.28.08:609][138]LogModuleManager: Shutting down and abandoning module Slate (70)
[2016.04.26-17.28.08:609][138]LogModuleManager: Shutting down and abandoning module EditorStyle (69)
[2016.04.26-17.28.08:611][138]LogModuleManager: Shutting down and abandoning module SessionServices (68)
[2016.04.26-17.28.08:611][138]LogModuleManager: Shutting down and abandoning module SourceCodeAccess (67)
[2016.04.26-17.28.08:611][138]LogModuleManager: Shutting down and abandoning module HeadMountedDisplay (66)
[2016.04.26-17.28.08:611][138]LogModuleManager: Shutting down and abandoning module XAudio2 (65)
[2016.04.26-17.28.08:612][138]LogModuleManager: Shutting down and abandoning module Networking (63)
[2016.04.26-17.28.08:612][138]LogModuleManager: Shutting down and abandoning module Core (62)
[2016.04.26-17.28.08:612][138]LogModuleManager: Shutting down and abandoning module KismetCompiler (61)
[2016.04.26-17.28.08:612][138]LogModuleManager: Shutting down and abandoning module PhysXFormats (60)
[2016.04.26-17.28.08:612][138]LogModuleManager: Shutting down and abandoning module MeshUtilities (59)
[2016.04.26-17.28.08:612][138]LogModuleManager: Shutting down and abandoning module CookingStats (58)
[2016.04.26-17.28.08:612][138]LogModuleManager: Shutting down and abandoning module DerivedDataCache (57)
[2016.04.26-17.28.08:612][138]LogDerivedDataCache: Shutdown
[2016.04.26-17.28.08:612][138]LogModuleManager: Shutting down and abandoning module ShaderFormatOpenGL (56)
[2016.04.26-17.28.08:612][138]LogModuleManager: Shutting down and abandoning module ShaderFormatD3D (55)
[2016.04.26-17.28.08:612][138]LogModuleManager: Shutting down and abandoning module MetalShaderFormat (54)
[2016.04.26-17.28.08:612][138]LogModuleManager: Shutting down and abandoning module TextureFormatUncompressed (53)
[2016.04.26-17.28.08:612][138]LogModuleManager: Shutting down and abandoning module TextureFormatPVR (52)
[2016.04.26-17.28.08:612][138]LogModuleManager: Shutting down and abandoning module TextureFormatIntelISPCTexComp (51)
[2016.04.26-17.28.08:612][138]LogModuleManager: Shutting down and abandoning module TextureFormatDXT (50)
[2016.04.26-17.28.08:612][138]LogModuleManager: Shutting down and abandoning module ImageWrapper (49)
[2016.04.26-17.28.08:612][138]LogModuleManager: Shutting down and abandoning module TextureFormatASTC (48)
[2016.04.26-17.28.08:612][138]LogModuleManager: Shutting down and abandoning module TextureFormatAndroid (47)
[2016.04.26-17.28.08:612][138]LogModuleManager: Shutting down and abandoning module AudioFormatOpus (46)
[2016.04.26-17.28.08:612][138]LogModuleManager: Shutting down and abandoning module AudioFormatOgg (45)
[2016.04.26-17.28.08:612][138]LogModuleManager: Shutting down and abandoning module AudioFormatADPCM (44)
[2016.04.26-17.28.08:612][138]LogModuleManager: Shutting down and abandoning module LinuxTargetPlatform (43)
[2016.04.26-17.28.08:612][138]LogModuleManager: Shutting down and abandoning module LinuxServerTargetPlatform (42)
[2016.04.26-17.28.08:612][138]LogModuleManager: Shutting down and abandoning module LinuxNoEditorTargetPlatform (41)
[2016.04.26-17.28.08:612][138]LogModuleManager: Shutting down and abandoning module TVOSTargetPlatform (40)
[2016.04.26-17.28.08:612][138]LogModuleManager: Shutting down and abandoning module Messaging (39)
[2016.04.26-17.28.08:612][138]LogModuleManager: Shutting down and abandoning module IOSTargetPlatform (38)
[2016.04.26-17.28.08:612][138]LogModuleManager: Shutting down and abandoning module HTML5TargetPlatform (37)
[2016.04.26-17.28.08:612][138]LogModuleManager: Shutting down and abandoning module Android_PVRTCTargetPlatform (36)
[2016.04.26-17.28.08:612][138]LogModuleManager: Shutting down and abandoning module Android_MultiTargetPlatform (35)
[2016.04.26-17.28.08:612][138]LogModuleManager: Shutting down and abandoning module Android_ETC2TargetPlatform (34)
[2016.04.26-17.28.08:612][138]LogModuleManager: Shutting down and abandoning module Android_ETC1TargetPlatform (33)
[2016.04.26-17.28.08:612][138]LogModuleManager: Shutting down and abandoning module Android_DXTTargetPlatform (32)
[2016.04.26-17.28.08:612][138]LogModuleManager: Shutting down and abandoning module Android_ATCTargetPlatform (31)
[2016.04.26-17.28.08:612][138]LogModuleManager: Shutting down and abandoning module Android_ASTCTargetPlatform (30)
[2016.04.26-17.28.08:612][138]LogModuleManager: Shutting down and abandoning module AndroidTargetPlatform (29)
[2016.04.26-17.28.08:612][138]LogModuleManager: Shutting down and abandoning module WindowsTargetPlatform (28)
[2016.04.26-17.28.08:612][138]LogModuleManager: Shutting down and abandoning module WindowsServerTargetPlatform (27)
[2016.04.26-17.28.08:612][138]LogModuleManager: Shutting down and abandoning module WindowsNoEditorTargetPlatform (26)
[2016.04.26-17.28.08:612][138]LogModuleManager: Shutting down and abandoning module WindowsClientTargetPlatform (25)
[2016.04.26-17.28.08:612][138]LogModuleManager: Shutting down and abandoning module AllDesktopTargetPlatform (24)
[2016.04.26-17.28.08:612][138]LogModuleManager: Shutting down and abandoning module TargetPlatform (23)
[2016.04.26-17.28.08:612][138]LogModuleManager: Shutting down and abandoning module InputCore (22)
[2016.04.26-17.28.08:612][138]LogModuleManager: Shutting down and abandoning module Settings (21)
[2016.04.26-17.28.08:612][138]LogModuleManager: Shutting down and abandoning module OnlineSubsystem (19)
[2016.04.26-17.28.08:612][138]LogModuleManager: Shutting down and abandoning module HTTP (18)
[2016.04.26-17.28.10:612][138]LogModuleManager: Shutting down and abandoning module XMPP (17)
[2016.04.26-17.28.10:612][138]LogModuleManager: Shutting down and abandoning module OculusRift (16)
[2016.04.26-17.28.10:612][138]LogModuleManager: Shutting down and abandoning module ExampleDeviceProfileSelector (15)
[2016.04.26-17.28.10:612][138]LogModuleManager: Shutting down and abandoning module TextureCompressor (14)
[2016.04.26-17.28.10:612][138]LogModuleManager: Shutting down and abandoning module ShaderCore (13)
[2016.04.26-17.28.10:612][138]LogModuleManager: Shutting down and abandoning module Landscape (12)
[2016.04.26-17.28.10:612][138]LogModuleManager: Shutting down and abandoning module SlateRHIRenderer (11)
[2016.04.26-17.28.10:613][138]LogModuleManager: Shutting down and abandoning module OpenGLDrv (10)
[2016.04.26-17.28.10:613][138]LogModuleManager: Shutting down and abandoning module D3D11RHI (9)
[2016.04.26-17.28.10:613][138]LogModuleManager: Shutting down and abandoning module AnimGraphRuntime (8)
[2016.04.26-17.28.10:613][138]LogModuleManager: Shutting down and abandoning module Renderer (7)
[2016.04.26-17.28.10:613][138]LogModuleManager: Shutting down and abandoning module Engine (6)
[2016.04.26-17.28.10:613][138]LogModuleManager: Shutting down and abandoning module CoreUObject (5)
[2016.04.26-17.28.10:613][138]LogModuleManager: Shutting down and abandoning module NetworkFile (4)
[2016.04.26-17.28.10:613][138]LogModuleManager: Shutting down and abandoning module StreamingFile (3)
[2016.04.26-17.28.10:613][138]LogModuleManager: Shutting down and abandoning module SandboxFile (2)
[2016.04.26-17.28.10:614][138]LogModuleManager: Shutting down and abandoning module PakFile (1)
[2016.04.26-17.28.10:615][138]LogExit: Exiting.
[2016.04.26-17.28.10:634][138]Log file closed, 04/26/16 19:28:10
