Log file open, 04/27/16 18:20:40
LogInit:Display: Running engine for game: Vulkan
LogPlatformFile: Not using cached read wrapper
LogInit:Display: RandInit(-1841696881) SRandInit(-1841696880).
LogTaskGraph: Started task graph with 4 named threads and 7 total threads.
LogStats: Stats thread started at 0.349698
LogInit: Version: 4.11.2-2946394+++UE4+Release-4.11
LogInit: API Version: 2927265
LogInit: Compiled (64-bit): Apr 18 2016 02:18:46
LogInit: Compiled with Visual C++: 19.00.23026.00
LogInit: Build Configuration: Development
LogInit: Branch Name: ++UE4+Release-4.11
LogInit: Command line:  
LogInit: Base directory: C:/Program Files (x86)/Epic Games/4.11/Engine/Binaries/Win64/
LogInit: Installed Engine Build: 1
LogInit: Using libcurl 7.41.0
LogInit:  - built for x86_64-pc-win32
LogInit:  - supports SSL with WinSSL
LogInit:  - other features:
LogInit:      CURL_VERSION_SSL
LogInit:      CURL_VERSION_IPV6
LogInit:      CURL_VERSION_ASYNCHDNS
LogInit:      CURL_VERSION_LARGEFILE
LogInit:      CURL_VERSION_IDN
LogInit:  CurlRequestOptions (configurable via config and command line):
LogInit:  - bVerifyPeer = true  - Libcurl will verify peer certificate
LogInit:  - bUseHttpProxy = false  - Libcurl will NOT use HTTP proxy
LogInit:  - bDontReuseConnections = false  - Libcurl will reuse connections
LogInit:  - CertBundlePath = nullptr  - Libcurl will use whatever was configured at build time.
LogInit: Presizing for max 16777216 objects, including 0 objects not considered by GC, pre-allocating 0 bytes for permanent pool.
LogInit: Object subsystem initialized
[2016.04.27-16.20.40:394][  0]LogInit: Selected Device Profile: [Windows]
[2016.04.27-16.20.40:394][  0]LogInit: Applying CVar settings loaded from the selected device profile: [Windows]
[2016.04.27-16.20.40:401][  0]LogInit: Computer: NIKI-PC
[2016.04.27-16.20.40:401][  0]LogInit: User: Niki
[2016.04.27-16.20.40:401][  0]LogInit: CPU Page size=65536, Cores=4
[2016.04.27-16.20.40:401][  0]LogInit: High frequency timer resolution =3.904023 MHz
[2016.04.27-16.20.40:401][  0]LogMemory: Memory total: Physical=15.9GB (16GB approx)
[2016.04.27-16.20.40:401][  0]LogMemory: Platform Memory Stats for Windows
[2016.04.27-16.20.40:401][  0]LogMemory: Process Physical Memory: 315.44 MB used, 315.44 MB peak
[2016.04.27-16.20.40:401][  0]LogMemory: Process Virtual Memory: 317.32 MB used, 317.32 MB peak
[2016.04.27-16.20.40:401][  0]LogMemory: Physical Memory: 4540.27 MB used, 16326.91 MB total
[2016.04.27-16.20.40:401][  0]LogMemory: Virtual Memory: 623.32 MB used, 8388608.00 MB total
[2016.04.27-16.20.40:504][  0]LogTextLocalizationManager: No translations for ('de-DE') exist, falling back to 'en' for localization and internationalization data.
[2016.04.27-16.20.40:821][  0]LogD3D11RHI: D3D11 adapters:
[2016.04.27-16.20.40:832][  0]LogD3D11RHI:    0. 'NVIDIA GeForce GTX 970' (Feature Level 11_0)
[2016.04.27-16.20.40:832][  0]LogD3D11RHI:       4007MB of dedicated video memory, 0MB of dedicated system memory, and 7907MB of shared system memory, 2 output[s]
[2016.04.27-16.20.40:832][  0]LogD3D11RHI: Chosen D3D11 Adapter: 0
[2016.04.27-16.20.40:836][  0]LogD3D11RHI: Creating new Direct3DDevice
[2016.04.27-16.20.40:836][  0]LogD3D11RHI:     Adapter Name: NVIDIA GeForce GTX 970
[2016.04.27-16.20.40:836][  0]LogD3D11RHI:   Driver Version: 10.18.13.6472 (internal 10.18.13.6472)
[2016.04.27-16.20.40:836][  0]LogD3D11RHI:      Driver Date: 3-21-2016
[2016.04.27-16.20.40:836][  0]LogRHI: Texture pool is 1361 MB (70% of 1945 MB)
[2016.04.27-16.20.40:842][  0]LogD3D11RHI: Async texture creation enabled
[2016.04.27-16.20.40:870][  0]LogShaderCompilers: Guid format shader working directory is -16 characters bigger than the processId version (../../../../../../Users/Niki/Documents/Unreal Projects/Vulkan/Intermediate/Shaders/WorkingDirectory/7000/).
[2016.04.27-16.20.40:870][  0]LogShaderCompilers: Cleaned the shader compiler working directory 'C:/Users/Niki/AppData/Local/Temp/UnrealShaderWorkingDir/AED5165644F6EA377D87439C6A52275E/'.
[2016.04.27-16.20.40:871][  0]LogShaderCompilers:Display: Using Local Shader Compiler.
[2016.04.27-16.20.42:385][  0]LogTemp:Display: Loaded TP AllDesktopTargetPlatform
[2016.04.27-16.20.42:389][  0]LogTemp:Display: Loaded TP WindowsClientTargetPlatform
[2016.04.27-16.20.42:393][  0]LogTemp:Display: Loaded TP WindowsNoEditorTargetPlatform
[2016.04.27-16.20.42:397][  0]LogTemp:Display: Loaded TP WindowsServerTargetPlatform
[2016.04.27-16.20.42:400][  0]LogTemp:Display: Loaded TP WindowsTargetPlatform
[2016.04.27-16.20.42:404][  0]LogTemp:Display: Loaded TP AndroidTargetPlatform
[2016.04.27-16.20.42:407][  0]LogTemp:Display: Loaded TP Android_ASTCTargetPlatform
[2016.04.27-16.20.42:410][  0]LogTemp:Display: Loaded TP Android_ATCTargetPlatform
[2016.04.27-16.20.42:414][  0]LogTemp:Display: Loaded TP Android_DXTTargetPlatform
[2016.04.27-16.20.42:417][  0]LogTemp:Display: Loaded TP Android_ETC1TargetPlatform
[2016.04.27-16.20.42:420][  0]LogTemp:Display: Loaded TP Android_ETC2TargetPlatform
[2016.04.27-16.20.42:427][  0]LogTemp:Display: Loaded TP Android_MultiTargetPlatform
[2016.04.27-16.20.42:427][  0]LogTemp:Display: Loaded TP Android_PVRTCTargetPlatform
[2016.04.27-16.20.42:429][  0]LogTemp:Display: Loaded TP HTML5TargetPlatform
[2016.04.27-16.20.42:448][  0]LogTemp:Display: Loaded TP IOSTargetPlatform
[2016.04.27-16.20.42:451][  0]LogTemp:Display: Loaded TP TVOSTargetPlatform
[2016.04.27-16.20.42:454][  0]LogTemp:Display: Loaded TP LinuxNoEditorTargetPlatform
[2016.04.27-16.20.42:458][  0]LogTemp:Display: Loaded TP LinuxServerTargetPlatform
[2016.04.27-16.20.42:463][  0]LogTemp:Display: Loaded TP LinuxTargetPlatform
[2016.04.27-16.20.42:463][  0]LogTargetPlatformManager:Display: Building Assets For Windows
[2016.04.27-16.20.42:547][  0]LogDerivedDataCache:Display: Max Cache Size: 512 MB
[2016.04.27-16.20.42:675][  0]LogDerivedDataCache: Loaded boot cache 0.13s 46MB C:/Users/Niki/AppData/Local/UnrealEngine/4.11/DerivedDataCache/Boot.ddc.
[2016.04.27-16.20.42:675][  0]LogDerivedDataCache:Display: Loaded Boot cache: C:/Users/Niki/AppData/Local/UnrealEngine/4.11/DerivedDataCache/Boot.ddc
[2016.04.27-16.20.42:676][  0]LogDerivedDataCache: FDerivedDataBackendGraph:  Pak pak cache file ../../../../../../Users/Niki/Documents/Unreal Projects/Vulkan/DerivedDataCache/DDC.ddp not found, will not use a pak cache.
[2016.04.27-16.20.42:676][  0]LogDerivedDataCache: Unable to find inner node Pak for hierarchical cache Hierarchy.
[2016.04.27-16.20.42:676][  0]LogDerivedDataCache: FDerivedDataBackendGraph:  CompressedPak pak cache file ../../../../../../Users/Niki/Documents/Unreal Projects/Vulkan/DerivedDataCache/Compressed.ddp not found, will not use a pak cache.
[2016.04.27-16.20.42:676][  0]LogDerivedDataCache: Unable to find inner node CompressedPak for hierarchical cache Hierarchy.
[2016.04.27-16.20.42:688][  0]LogDerivedDataCache:Display: Pak cache opened for reading ../../../Engine/DerivedDataCache/Compressed.ddp.
[2016.04.27-16.20.42:699][  0]LogDerivedDataCache: Using Local data cache path C:/Users/Niki/AppData/Local/UnrealEngine/Common/DerivedDataCache: Writable
[2016.04.27-16.20.43:152][  0]LogInit: Selected Device Profile: [Windows]
[2016.04.27-16.20.43:156][  0]LogContentStreaming: Texture pool size is 0.00 MB
[2016.04.27-16.20.43:200][  0]LogMaterial: Uniform references updated for custom material expression Custom.
[2016.04.27-16.20.43:351][  0]LogMeshUtilities: No automatic mesh reduction module available
[2016.04.27-16.20.43:351][  0]LogMeshUtilities: No automatic mesh merging module available
[2016.04.27-16.20.43:351][  0]LogMeshUtilities: No distributed automatic mesh merging module available
[2016.04.27-16.20.43:672][  0]LogUObjectArray: 27679 objects as part of root set at end of initial load.
[2016.04.27-16.20.43:673][  0]LogUObjectAllocator: 5591592 out of 0 bytes used by permanent object pool.
[2016.04.27-16.20.43:673][  0]LogUObjectArray: CloseDisregardForGC: 0/0 objects in disregard for GC pool
[2016.04.27-16.20.43:677][  0]LogInit: WinSock: version 1.1 (2.2), MaxSocks=32767, MaxUdp=65467
[2016.04.27-16.20.43:893][  0]LogSlate: SlateFontCache - WITH_FREETYPE: 1, WITH_HARFBUZZ: 1
[2016.04.27-16.20.43:893][  0]LogSlate: SlateFontCache - WITH_FREETYPE: 1, WITH_HARFBUZZ: 1
[2016.04.27-16.20.44:093][  0]LogStreaming:Warning: Failed to read file '../../../Engine/Content/Editor/Slate/Common/Selection_16x.png' error.
[2016.04.27-16.20.44:093][  0]LogSlate: Could not find file for Slate resource: ../../../Engine/Content/Editor/Slate/Common/Selection_16x.png
[2016.04.27-16.20.44:093][  0]LogStreaming:Warning: Failed to read file '../../../Engine/Content/Editor/Slate/Common/Selection_16x.png' error.
[2016.04.27-16.20.44:093][  0]LogSlate: Could not find file for Slate resource: ../../../Engine/Content/Editor/Slate/Common/Selection_16x.png
[2016.04.27-16.20.44:093][  0]LogStreaming:Warning: Failed to read file '../../../Engine/Content/Editor/Slate/Common/Selection_16x.png' error.
[2016.04.27-16.20.44:093][  0]LogSlate: Could not find file for Slate resource: ../../../Engine/Content/Editor/Slate/Common/Selection_16x.png
[2016.04.27-16.20.44:856][  0]LogUdpMessaging: Initializing bridge on interface 0.0.0.0:0 to multicast group 230.0.0.1:6666.
[2016.04.27-16.20.44:983][  0]LogAssetRegistry: FAssetRegistry took 0.0213 seconds to start up
[2016.04.27-16.20.45:167][  0]SourceControl: Info Source control is disabled
[2016.04.27-16.20.45:407][  0]LogHMD: Failed to initialize OpenVR with code 110
[2016.04.27-16.20.45:479][  0]LogEngine: Initializing Engine...
[2016.04.27-16.20.45:623][  0]LogAIModule: Creating AISystem for world NewWorld
[2016.04.27-16.20.45:642][  0]LogInit: XAudio2 using 'Lautsprecher (3- Logitech USB Headset H340)' : 2 channels at 44.1 kHz using 16 bits per sample (channel mask 0x3)
[2016.04.27-16.20.45:674][  0]LogInit: FAudioDevice initialized.
[2016.04.27-16.20.45:693][  0]LogDerivedDataCache: Saved boot cache 0.02s 46MB C:/Users/Niki/AppData/Local/UnrealEngine/4.11/DerivedDataCache/Boot.ddc.
[2016.04.27-16.20.45:695][  0]LogInit: Texture streaming: Enabled
[2016.04.27-16.20.45:729][  0]LogInit: Transaction tracking system initialized
[2016.04.27-16.20.45:767][  0]BlueprintLog: New page: Editor Load
[2016.04.27-16.20.45:900][  0]LocalizationService: Info Localization service is disabled
[2016.04.27-16.20.46:274][  0]LogConsoleResponse:Display: 
[2016.04.27-16.20.46:423][  0]LogFileCache: Scanning file cache for directory 'C:/Users/Niki/Documents/Unreal Projects/Vulkan/Content/' took 0.01s
[2016.04.27-16.20.46:423][  0]LogCook:Display: Max memory allowance for cook 8192mb
[2016.04.27-16.20.46:423][  0]LogCook:Display: Mobile HDR setting 1
[2016.04.27-16.20.46:423][  0]LogCook:Display: Done creating registry. It took  0.00s.
[2016.04.27-16.20.46:534][  0]Cmd: MAP LOAD FILE="../../../Engine/Content/Maps/Templates/Template_Default.umap" TEMPLATE=1 SHOWPROGRESS=1 FEATURELEVEL=3
[2016.04.27-16.20.46:535][  0]LightingResults: New page: Lighting Build
[2016.04.27-16.20.46:543][  0]MapCheck: New page: Map Check
[2016.04.27-16.20.46:543][  0]LightingResults: New page: Lighting Build
[2016.04.27-16.20.46:734][  0]LogAIModule: Creating AISystem for world Untitled_1
[2016.04.27-16.20.46:756][  0]LogEditorServer: Finished looking for orphan Actors (0.000 secs)
[2016.04.27-16.20.46:761][  0]Cmd: MAP CHECKDEP NOCLEARLOG
[2016.04.27-16.20.46:778][  0]MapCheck: Info Map check complete: 0 Error(s), 0 Warning(s), took 17.512ms to complete.
[2016.04.27-16.20.46:779][  0]LogFileHelpers: Loading map 'Template_Default' took 0.245
[2016.04.27-16.20.46:945][  0]LogCollectionManager: Loaded 0 collections in 0.001311 seconds
[2016.04.27-16.20.46:975][  0]LogFileCache: Scanning file cache for directory 'C:/Users/Niki/Documents/Unreal Projects/Vulkan/Saved/Collections/' took 0.01s
[2016.04.27-16.20.46:975][  0]LogFileCache: Scanning file cache for directory 'C:/Users/Niki/Documents/Unreal Projects/Vulkan/Content/Developers/Niki/Collections/' took 0.00s
[2016.04.27-16.20.46:975][  0]LogFileCache: Scanning file cache for directory 'C:/Users/Niki/Documents/Unreal Projects/Vulkan/Content/Collections/' took 0.00s
[2016.04.27-16.20.46:975][  0]LogCollectionManager: Rebuilt the GUID cache for 0 collections in 0.000002 seconds
[2016.04.27-16.20.46:981][  0]LogContentBrowser: Native class hierarchy populated in 0.0057 seconds. Added 1979 classes and 343 folders.
[2016.04.27-16.20.46:986][  0]LogStats: UGameplayTagsManager::ConstructGameplayTagTree: Construct from data asset -  0.000 s
[2016.04.27-16.20.46:986][  0]LogStats: UGameplayTagsManager::ConstructGameplayTagTree: GameplayTagTreeChangedEvent.Broadcast -  0.000 s
[2016.04.27-16.20.46:986][  0]LogContentBrowser: Native class hierarchy updated for 'GameplayTags' in 0.0003 seconds. Added 12 classes and 0 folders.
[2016.04.27-16.20.46:990][  0]LogContentBrowser: Native class hierarchy updated for 'WidgetCarousel' in 0.0002 seconds. Added 0 classes and 0 folders.
[2016.04.27-16.20.47:002][  0]LogContentBrowser: Native class hierarchy updated for 'SuperSearch' in 0.0002 seconds. Added 1 classes and 2 folders.
[2016.04.27-16.20.47:073][  0]LogContentBrowser: Native class hierarchy updated for 'AddContentDialog' in 0.0002 seconds. Added 0 classes and 0 folders.
[2016.04.27-16.20.47:091][  0]LogContentBrowser: Native class hierarchy updated for 'SceneOutliner' in 0.0003 seconds. Added 1 classes and 2 folders.
[2016.04.27-16.20.47:190][  0]LogCrashTracker: Crashtracker disabled due to settings.
[2016.04.27-16.20.47:200][  0]LogUObjectGlobals:Warning: Failed to find object 'Class None.'
[2016.04.27-16.20.47:228][  0]LogContentBrowser: Native class hierarchy updated for 'HierarchicalLODOutliner' in 0.0002 seconds. Added 1 classes and 2 folders.
[2016.04.27-16.20.47:228][  0]LogLoad: Full Startup: 7.79 seconds (BP compile: 0.04 seconds)
[2016.04.27-16.20.47:228][  0]LogExternalProfiler: Found external profiler: VSPerf
[2016.04.27-16.20.47:228][  0]LogExternalProfiler: Using external profiler: VSPerf
[2016.04.27-16.20.47:241][  0]LogOcInput: OculusInput pre-init called
[2016.04.27-16.20.47:254][  0]LogAssetRegistry: Asset discovery search completed in 2.2921 seconds
[2016.04.27-16.20.47:255][  0]LogCollectionManager: Rebuilt the object cache for 0 collections in 0.000001 seconds (found 0 objects)
[2016.04.27-16.20.47:255][  0]LogCollectionManager: Fixed up redirectors for 0 collections in 0.000297 seconds (updated 0 objects)
[2016.04.27-16.20.47:283][  0]SourceControl: Info On branch master
[2016.04.27-16.20.47:283][  0]SourceControl: Info Changes to be committed:
[2016.04.27-16.20.47:283][  0]SourceControl: Info   (use "git reset HEAD <file>..." to unstage)
[2016.04.27-16.20.47:283][  0]SourceControl: Info 	new file:   .gitignore
[2016.04.27-16.20.47:283][  0]SourceControl: Info 	new file:   Vulkan.uproject
[2016.04.27-16.20.47:284][  0]LogContentStreaming: Texture pool size now 1000 MB
[2016.04.27-16.20.47:396][  0]LogRenderer: Reallocating scene render targets to support 1616x816 (Frame:2).
[2016.04.27-16.20.50:048][295]LogAIModule: Creating AISystem for world Testlabor
[2016.04.27-16.20.50:063][295]Cmd: MAP LOAD FILE="../../../../../../Users/Niki/Documents/Unreal Projects/Vulkan/Content/Testlabor.umap" TEMPLATE=0 SHOWPROGRESS=1 FEATURELEVEL=3
[2016.04.27-16.20.50:063][295]LightingResults: New page: Lighting Build
[2016.04.27-16.20.50:073][295]LoadErrors: New page: Loading map: Testlabor.umap
[2016.04.27-16.20.50:073][295]MapCheck: New page: Map Check
[2016.04.27-16.20.50:074][295]LightingResults: New page: Lighting Build
[2016.04.27-16.20.50:108][295]LogEditorServer: Finished looking for orphan Actors (0.000 secs)
[2016.04.27-16.20.50:119][295]Cmd: MAP CHECKDEP NOCLEARLOG
[2016.04.27-16.20.50:137][295]MapCheck: Info Map check complete: 0 Error(s), 0 Warning(s), took 17.598ms to complete.
[2016.04.27-16.20.50:137][295]LogFileHelpers: Loading map 'Testlabor' took 0.076
[2016.04.27-16.20.56:728][ 80]LogEditorViewport: Clicking on Actor (LMB): StaticMeshActor (Floor)
[2016.04.27-16.21.00:026][458]Cmd: OBJ SAVEPACKAGE PACKAGE="/Game/Testlabor" FILE="../../../../../../Users/Niki/Documents/Unreal Projects/Vulkan/Content/Testlabor.umap" S